Arguments: 
  /Users/vn0dimt/.nvm/versions/node/v10.15.1/bin/node /usr/local/Cellar/yarn/1.16.0/libexec/bin/yarn.js add -E react react-dom

PATH: 
  /Users/vn0dimt/.nvm/versions/node/v10.15.1/bin:/Users/vn0dimt/.yarn/bin:/Users/vn0dimt/.config/yarn/global/node_modules/.bin:/usr/local/bin:/usr/local/sbin:/usr/bin:/bin:/usr/sbin:/sbin:/Users/vn0dimt/.rvm/bin

Yarn version: 
  1.16.0

Node version: 
  10.15.1

Platform: 
  darwin x64

Trace: 
  Error: getaddrinfo ENOTFOUND npme.walmart.com npme.walmart.com:443
      at GetAddrInfoReqWrap.onlookup [as oncomplete] (dns.js:57:26)

npm manifest: 
  {
    "name": "omni",
    "version": "1.0.0",
    "main": "index.js",
    "license": "MIT"
  }

yarn manifest: 
  No manifest

Lockfile: 
  No lockfile
